<?xml version="1.0" encoding="UTF-8"?>
<!-- Generated by org.testng.reporters.JUnitReportReporter -->
<testsuite hostname="WKWIN5154091" failures="0" tests="2" name="com.qa.test.PostTest" time="1.675" errors="0" timestamp="13 Oct 2019 09:27:20 GMT" skipped="0">
  <testcase classname="com.qa.test.PostTest" name="createUserGoRest" time="0.427"/>
  <testcase classname="com.qa.test.PostTest" name="createUserGoRest" time="1.248"/>
</testsuite> <!-- com.qa.test.PostTest -->
