<?xml version="1.0" encoding="UTF-8"?>
<!-- Generated by org.testng.reporters.JUnitReportReporter -->
<testsuite hostname="WKWIN5154091" failures="0" tests="5" name="com.qa.test.GetTest" time="3.506" errors="0" timestamp="13 Oct 2019 08:01:38 GMT" skipped="0">
  <testcase classname="com.qa.test.GetTest" name="getWeatherData" time="0.628"/>
  <testcase classname="com.qa.test.GetTest" name="getWeatherData" time="0.600"/>
  <testcase classname="com.qa.test.GetTest" name="getWeatherData" time="1.032"/>
  <testcase classname="com.qa.test.GetTest" name="getWeatherData" time="0.642"/>
  <testcase classname="com.qa.test.GetTest" name="getWeatherData" time="0.604"/>
</testsuite> <!-- com.qa.test.GetTest -->
