<?xml version="1.0" encoding="UTF-8"?>
<!-- Generated by org.testng.reporters.JUnitReportReporter -->
<testsuite hostname="WKWIN5154091" failures="0" tests="1" name="com.qa.test.GetCallTest" time="1.028" errors="0" timestamp="19 Jan 2020 16:52:18 GMT" skipped="0">
  <testcase classname="com.qa.test.GetCallTest" name="getTest" time="1.028"/>
</testsuite> <!-- com.qa.test.GetCallTest -->
